build/app/intermediates/manifest_merge_blame_file/debug/manifest-merger-blame-debug-report.txt
1<?xml version="1.0" encoding="utf-8"?>
2<manifest xmlns:android="http://schemas.android.com/apk/res/android"
3    package="com.example.demo_audio_record"
4    android:versionCode="1"
5    android:versionName="1.0.0" >
6
7    <uses-sdk
8        android:minSdkVersion="21"
9        android:targetSdkVersion="33" />
10    <!--
11         The INTERNET permission is required for development. Specifically,
12         the Flutter tool needs it to communicate with the running application
13         to allow setting breakpoints, to provide hot reload, etc.
14    -->
15    <uses-permission android:name="android.permission.INTERNET" />
15-->src/debug/AndroidManifest.xml:7:5-66
15-->src/debug/AndroidManifest.xml:7:22-64
16    <uses-permission android:name="android.permission.RECORD_AUDIO" />
16-->src/main/AndroidManifest.xml:4:5-70
16-->src/main/AndroidManifest.xml:4:22-68
17    <uses-permission android:name="android.permission.WRITE_EXTERNAL_STORAGE" />
17-->src/main/AndroidManifest.xml:5:5-80
17-->src/main/AndroidManifest.xml:5:22-78
18    <uses-permission android:name="android.permission.ACCESS_MEDIA_LOCATION" />
18-->src/main/AndroidManifest.xml:6:5-79
18-->src/main/AndroidManifest.xml:6:22-77
19    <uses-permission android:name="android.permission.MANAGE_EXTERNAL_STORAGE" />
19-->src/main/AndroidManifest.xml:7:5-81
19-->src/main/AndroidManifest.xml:7:22-79
20    <uses-permission android:name="android.permission.FOREGROUND_SERVICE" />
20-->[:assets_audio_player] AndroidManifest.xml:9:5-77
20-->[:assets_audio_player] AndroidManifest.xml:9:22-74
21    <uses-permission android:name="android.permission.VIBRATE" />
21-->[:assets_audio_player] AndroidManifest.xml:10:5-66
21-->[:assets_audio_player] AndroidManifest.xml:10:22-63
22    <uses-permission android:name="android.permission.WAKE_LOCK" />
22-->[:assets_audio_player] AndroidManifest.xml:11:5-68
22-->[:assets_audio_player] AndroidManifest.xml:11:22-65
23    <uses-permission android:name="android.permission.READ_PHONE_STATE" />
24    <uses-permission android:name="android.permission.READ_EXTERNAL_STORAGE" />
25    <uses-permission android:name="android.permission.ACCESS_NETWORK_STATE" />
25-->[com.amazonaws:aws-android-sdk-s3:2.51.0] AndroidManifest.xml:10:5-79
25-->[com.amazonaws:aws-android-sdk-s3:2.51.0] AndroidManifest.xml:10:22-76
26    <uses-permission android:name="android.permission.BLUETOOTH" />
26-->[com.github.canardoux:flutter_sound_core:9.2.13] AndroidManifest.xml:11:5-68
26-->[com.github.canardoux:flutter_sound_core:9.2.13] AndroidManifest.xml:11:22-65
27    <uses-permission android:name="android.permission.MODIFY_AUDIO_SETTINGS" />
27-->[com.github.canardoux:flutter_sound_core:9.2.13] AndroidManifest.xml:13:5-80
27-->[com.github.canardoux:flutter_sound_core:9.2.13] AndroidManifest.xml:13:22-77
28
29    <application
30        android:name="android.app.Application"
31        android:appComponentFactory="androidx.core.app.CoreComponentFactory"
31-->[androidx.core:core:1.7.0] AndroidManifest.xml:24:18-86
32        android:debuggable="true"
33        android:icon="@mipmap/ic_launcher"
34        android:label="demo_audio_record" >
35       android:requestLegacyExternalStorage="true"
36        <activity
37            android:name="com.example.demo_audio_record.MainActivity"
38            android:configChanges="orientation|keyboardHidden|keyboard|screenSize|smallestScreenSize|locale|layoutDirection|fontScale|screenLayout|density|uiMode"
39            android:exported="true"
40            android:hardwareAccelerated="true"
41            android:launchMode="singleTop"
42            android:theme="@style/LaunchTheme"
43            android:windowSoftInputMode="adjustResize" >
44
45            <!--
46                 Specifies an Android theme to apply to this Activity as soon as
47                 the Android process has started. This theme is visible to the user
48                 while the Flutter UI initializes. After that, this theme continues
49                 to determine the Window background behind the Flutter UI.
50            -->
51            <meta-data
52                android:name="io.flutter.embedding.android.NormalTheme"
53                android:resource="@style/NormalTheme" />
54
55            <intent-filter>
56                <action android:name="android.intent.action.MAIN" />
57
58                <category android:name="android.intent.category.LAUNCHER" />
59            </intent-filter>
60        </activity>
61        <!--
62             Don't delete the meta-data below.
63             This is used by the Flutter tool to generate GeneratedPluginRegistrant.java
64        -->
65        <meta-data
66            android:name="flutterEmbedding"
67            android:value="2" />
68
69        <receiver
69-->[:assets_audio_player] AndroidManifest.xml:14:9-16:39
70            android:name="com.github.florent37.assets_audio_player.notification.NotificationActionReceiver"
70-->[:assets_audio_player] AndroidManifest.xml:15:13-108
71            android:exported="true" />
71-->[:assets_audio_player] AndroidManifest.xml:16:13-36
72        <receiver
72-->[:assets_audio_player] AndroidManifest.xml:17:9-23:20
73            android:name="com.github.florent37.assets_audio_player.notification.CustomMediaButtonReceiver"
73-->[:assets_audio_player] AndroidManifest.xml:18:13-107
74            android:exported="true" >
74-->[:assets_audio_player] AndroidManifest.xml:19:13-36
75            <intent-filter>
75-->[:assets_audio_player] AndroidManifest.xml:20:13-22:29
76                <action android:name="android.intent.action.MEDIA_BUTTON" />
76-->[:assets_audio_player] AndroidManifest.xml:21:17-77
76-->[:assets_audio_player] AndroidManifest.xml:21:25-74
77            </intent-filter>
78        </receiver>
79
80        <service
80-->[:assets_audio_player] AndroidManifest.xml:25:9-35:19
81            android:name="com.github.florent37.assets_audio_player.notification.NotificationService"
81-->[:assets_audio_player] AndroidManifest.xml:26:13-101
82            android:enabled="true"
82-->[:assets_audio_player] AndroidManifest.xml:27:13-35
83            android:exported="true" >
83-->[:assets_audio_player] AndroidManifest.xml:28:13-36
84
85            <!--
86            <intent-filter>
87                <action android:name="android.intent.action.MEDIA_BUTTON" />
88            </intent-filter>
89            -->
90        </service>
91
92        <uses-library
92-->[androidx.window:window:1.0.0-beta04] AndroidManifest.xml:25:9-27:40
93            android:name="androidx.window.extensions"
93-->[androidx.window:window:1.0.0-beta04] AndroidManifest.xml:26:13-54
94            android:required="false" />
94-->[androidx.window:window:1.0.0-beta04] AndroidManifest.xml:27:13-37
95        <uses-library
95-->[androidx.window:window:1.0.0-beta04] AndroidManifest.xml:28:9-30:40
96            android:name="androidx.window.sidecar"
96-->[androidx.window:window:1.0.0-beta04] AndroidManifest.xml:29:13-51
97            android:required="false" />
97-->[androidx.window:window:1.0.0-beta04] AndroidManifest.xml:30:13-37
98
99        <service
99-->[com.amplifyframework:aws-storage-s3:1.37.2] AndroidManifest.xml:28:9-30:38
100            android:name="com.amazonaws.mobileconnectors.s3.transferutility.TransferService"
100-->[com.amplifyframework:aws-storage-s3:1.37.2] AndroidManifest.xml:29:13-93
101            android:enabled="true" />
101-->[com.amplifyframework:aws-storage-s3:1.37.2] AndroidManifest.xml:30:13-35
102        <service
102-->[com.amplifyframework:aws-storage-s3:1.37.2] AndroidManifest.xml:31:9-33:38
103            android:name="com.amplifyframework.storage.s3.service.AmplifyTransferService"
103-->[com.amplifyframework:aws-storage-s3:1.37.2] AndroidManifest.xml:32:13-90
104            android:enabled="true" />
104-->[com.amplifyframework:aws-storage-s3:1.37.2] AndroidManifest.xml:33:13-35
105
106        <activity
106-->[com.amplifyframework:core:1.37.2] AndroidManifest.xml:27:9-29:54
107            android:name="com.amplifyframework.devmenu.DeveloperMenuActivity"
107-->[com.amplifyframework:core:1.37.2] AndroidManifest.xml:28:13-78
108            android:theme="@style/OverlayActivity" />
108-->[com.amplifyframework:core:1.37.2] AndroidManifest.xml:29:13-51
109        <activity
109-->[com.amazonaws:aws-android-sdk-cognitoauth:2.51.0] AndroidManifest.xml:12:9-16:75
110            android:name="com.amazonaws.mobileconnectors.cognitoauth.activities.CustomTabsManagerActivity"
110-->[com.amazonaws:aws-android-sdk-cognitoauth:2.51.0] AndroidManifest.xml:13:13-107
111            android:exported="false"
111-->[com.amazonaws:aws-android-sdk-cognitoauth:2.51.0] AndroidManifest.xml:14:13-37
112            android:launchMode="singleTask"
112-->[com.amazonaws:aws-android-sdk-cognitoauth:2.51.0] AndroidManifest.xml:15:13-44
113            android:theme="@android:style/Theme.Translucent.NoTitleBar" />
113-->[com.amazonaws:aws-android-sdk-cognitoauth:2.51.0] AndroidManifest.xml:16:13-72
114
115        <uses-library
115-->[com.amazonaws:aws-android-sdk-core:2.51.0] AndroidManifest.xml:11:9-13:40
116            android:name="org.apache.http.legacy"
116-->[com.amazonaws:aws-android-sdk-core:2.51.0] AndroidManifest.xml:12:13-50
117            android:required="false" /> <!-- The activities will be merged into the manifest of the hosting app. -->
117-->[com.amazonaws:aws-android-sdk-core:2.51.0] AndroidManifest.xml:13:13-37
118        <activity
118-->[com.google.android.play:core:1.9.1] AndroidManifest.xml:12:5-271
119            android:name="com.google.android.play.core.missingsplits.PlayCoreMissingSplitsActivity"
119-->[com.google.android.play:core:1.9.1] AndroidManifest.xml:12:15-102
120            android:enabled="false"
120-->[com.google.android.play:core:1.9.1] AndroidManifest.xml:12:103-126
121            android:exported="false"
121-->[com.google.android.play:core:1.9.1] AndroidManifest.xml:12:127-151
122            android:launchMode="singleInstance"
122-->[com.google.android.play:core:1.9.1] AndroidManifest.xml:12:204-239
123            android:process=":playcore_missing_splits_activity"
123-->[com.google.android.play:core:1.9.1] AndroidManifest.xml:12:152-203
124            android:stateNotNeeded="true" />
124-->[com.google.android.play:core:1.9.1] AndroidManifest.xml:12:240-269
125        <activity
125-->[com.google.android.play:core:1.9.1] AndroidManifest.xml:13:5-226
126            android:name="com.google.android.play.core.common.PlayCoreDialogWrapperActivity"
126-->[com.google.android.play:core:1.9.1] AndroidManifest.xml:13:15-95
127            android:enabled="false"
127-->[com.google.android.play:core:1.9.1] AndroidManifest.xml:13:96-119
128            android:exported="false"
128-->[com.google.android.play:core:1.9.1] AndroidManifest.xml:13:120-144
129            android:stateNotNeeded="true"
129-->[com.google.android.play:core:1.9.1] AndroidManifest.xml:13:145-174
130            android:theme="@style/Theme.PlayCore.Transparent" /> <!-- The services will be merged into the manifest of the hosting app. -->
130-->[com.google.android.play:core:1.9.1] AndroidManifest.xml:13:175-224
131        <service
131-->[com.google.android.play:core:1.9.1] AndroidManifest.xml:16:5-18:15
132            android:name="com.google.android.play.core.assetpacks.AssetPackExtractionService"
132-->[com.google.android.play:core:1.9.1] AndroidManifest.xml:16:14-95
133            android:enabled="false"
133-->[com.google.android.play:core:1.9.1] AndroidManifest.xml:16:96-119
134            android:exported="true" >
134-->[com.google.android.play:core:1.9.1] AndroidManifest.xml:16:120-143
135            <meta-data
135-->[com.google.android.play:core:1.9.1] AndroidManifest.xml:17:7-108
136                android:name="com.google.android.play.core.assetpacks.versionCode"
136-->[com.google.android.play:core:1.9.1] AndroidManifest.xml:17:18-84
137                android:value="10901" />
137-->[com.google.android.play:core:1.9.1] AndroidManifest.xml:17:85-106
138        </service>
139        <service
139-->[com.google.android.play:core:1.9.1] AndroidManifest.xml:19:5-147
140            android:name="com.google.android.play.core.assetpacks.ExtractionForegroundService"
140-->[com.google.android.play:core:1.9.1] AndroidManifest.xml:19:14-96
141            android:enabled="false"
141-->[com.google.android.play:core:1.9.1] AndroidManifest.xml:19:97-120
142            android:exported="false" />
142-->[com.google.android.play:core:1.9.1] AndroidManifest.xml:19:121-145
143    </application>
144
145</manifest>